<?xml version="1.0" encoding="UTF-8"?>
<robot generator="Robot 6.0.2 (Python 3.11.4 on win32)" generated="20230826 17:30:28.969" rpa="false" schemaversion="3">
<suite id="s1" name="Magazine Testes" source="c:\Users\Pichau\Downloads\Mateus\Repositórios\CCI-Robot\robotframework\webtestingmagazine\web testing\magazineluiza\magazine_testes.robot">
<test id="s1-t1" name="Caso de Teste 01 - Acessao ao menu &quot;Monitor&quot;" line="9">
<kw name="Abrir o Navegador" library="magazine_resources" type="SETUP">
<kw name="Open Browser" library="SeleniumLibrary">
<arg>browser=chrome</arg>
<doc>Opens a new browser instance to the optional ``url``.</doc>
<msg timestamp="20230826 17:30:29.366" level="INFO">Opening browser 'chrome' to base url 'None'.</msg>
<msg timestamp="20230826 17:30:32.882" level="INFO">Cannot capture screenshot because no browser is open.</msg>
<msg timestamp="20230826 17:30:32.883" level="FAIL">SessionNotCreatedException: Message: session not created: This version of ChromeDriver only supports Chrome version 114
Current browser version is 116.0.5845.111 with binary path C:\Program Files\Google\Chrome\Application\chrome.exe
Stacktrace:
Backtrace:
	GetHandleVerifier [0x0037A813+48355]
	(No symbol) [0x0030C4B1]
	(No symbol) [0x00215358]
	(No symbol) [0x002361AC]
	(No symbol) [0x00231EF3]
	(No symbol) [0x00230579]
	(No symbol) [0x00260C55]
	(No symbol) [0x0026093C]
	(No symbol) [0x0025A536]
	(No symbol) [0x002382DC]
	(No symbol) [0x002393DD]
	GetHandleVerifier [0x005DAABD+2539405]
	GetHandleVerifier [0x0061A78F+2800735]
	GetHandleVerifier [0x0061456C+2775612]
	GetHandleVerifier [0x004051E0+616112]
	(No symbol) [0x00315F8C]
	(No symbol) [0x00312328]
	(No symbol) [0x0031240B]
	(No symbol) [0x00304FF7]
	BaseThreadInitThunk [0x763D00C9+25]
	RtlGetAppContainerNamedObjectPath [0x77A47B1E+286]
	RtlGetAppContainerNamedObjectPath [0x77A47AEE+238]
</msg>
<status status="FAIL" starttime="20230826 17:30:29.366" endtime="20230826 17:30:32.890"/>
</kw>
<status status="FAIL" starttime="20230826 17:30:29.365" endtime="20230826 17:30:32.891"/>
</kw>
<kw name="Fechar o Navegador" library="magazine_resources" type="TEARDOWN">
<kw name="Close Browser" library="SeleniumLibrary">
<doc>Closes the current browser.</doc>
<status status="PASS" starttime="20230826 17:30:32.892" endtime="20230826 17:30:32.893"/>
</kw>
<status status="PASS" starttime="20230826 17:30:32.892" endtime="20230826 17:30:32.893"/>
</kw>
<doc>Este teste verifica a disponibilidade
do Menu Monitor através do dos menus "Todos Despartamentos" -&gt; "Informática"</doc>
<tag>menus</tag>
<tag>monitor</tag>
<status status="FAIL" starttime="20230826 17:30:29.364" endtime="20230826 17:30:32.893">Setup failed:
SessionNotCreatedException: Message: session not created: This version of ChromeDriver only supports Chrome version 114
Current browser version is 116.0.5845.111 with binary path C:\Program Files\Google\Chrome\Application\chrome.exe
Stacktrace:
Backtrace:
	GetHandleVerifier [0x0037A813+48355]
	(No symbol) [0x0030C4B1]
	(No symbol) [0x00215358]
	(No symbol) [0x002361AC]
	(No symbol) [0x00231EF3]
	(No symbol) [0x00230579]
	(No symbol) [0x00260C55]
	(No symbol) [0x0026093C]
	(No symbol) [0x0025A536]
	(No symbol) [0x002382DC]
	(No symbol) [0x002393DD]
	GetHandleVerifier [0x005DAABD+2539405]
	GetHandleVerifier [0x0061A78F+2800735]
	GetHandleVerifier [0x0061456C+2775612]
	GetHandleVerifier [0x004051E0+616112]
	(No symbol) [0x00315F8C]
	(No symbol) [0x00312328]
	(No symbol) [0x0031240B]
	(No symbol) [0x00304FF7]
	BaseThreadInitThunk [0x763D00C9+25]
	RtlGetAppContainerNamedObjectPath [0x77A47B1E+286]
	RtlGetAppContainerNamedObjectPath [0x77A47AEE+238]
</status>
</test>
<test id="s1-t2" name="Caso de Teste 02 - Pesquisa de um Produto" line="24">
<kw name="Abrir o Navegador" library="magazine_resources" type="SETUP">
<kw name="Open Browser" library="SeleniumLibrary">
<arg>browser=chrome</arg>
<doc>Opens a new browser instance to the optional ``url``.</doc>
<msg timestamp="20230826 17:30:32.900" level="INFO">Opening browser 'chrome' to base url 'None'.</msg>
<msg timestamp="20230826 17:30:39.928" level="INFO">Cannot capture screenshot because no browser is open.</msg>
<msg timestamp="20230826 17:30:39.929" level="FAIL">SessionNotCreatedException: Message: session not created: This version of ChromeDriver only supports Chrome version 114
Current browser version is 116.0.5845.111 with binary path C:\Program Files\Google\Chrome\Application\chrome.exe
Stacktrace:
Backtrace:
	GetHandleVerifier [0x0037A813+48355]
	(No symbol) [0x0030C4B1]
	(No symbol) [0x00215358]
	(No symbol) [0x002361AC]
	(No symbol) [0x00231EF3]
	(No symbol) [0x00230579]
	(No symbol) [0x00260C55]
	(No symbol) [0x0026093C]
	(No symbol) [0x0025A536]
	(No symbol) [0x002382DC]
	(No symbol) [0x002393DD]
	GetHandleVerifier [0x005DAABD+2539405]
	GetHandleVerifier [0x0061A78F+2800735]
	GetHandleVerifier [0x0061456C+2775612]
	GetHandleVerifier [0x004051E0+616112]
	(No symbol) [0x00315F8C]
	(No symbol) [0x00312328]
	(No symbol) [0x0031240B]
	(No symbol) [0x00304FF7]
	BaseThreadInitThunk [0x763D00C9+25]
	RtlGetAppContainerNamedObjectPath [0x77A47B1E+286]
	RtlGetAppContainerNamedObjectPath [0x77A47AEE+238]
</msg>
<status status="FAIL" starttime="20230826 17:30:32.900" endtime="20230826 17:30:39.932"/>
</kw>
<status status="FAIL" starttime="20230826 17:30:32.899" endtime="20230826 17:30:39.932"/>
</kw>
<kw name="Fechar o Navegador" library="magazine_resources" type="TEARDOWN">
<kw name="Close Browser" library="SeleniumLibrary">
<doc>Closes the current browser.</doc>
<status status="PASS" starttime="20230826 17:30:39.934" endtime="20230826 17:30:39.935"/>
</kw>
<status status="PASS" starttime="20230826 17:30:39.934" endtime="20230826 17:30:39.935"/>
</kw>
<doc>Este teste verifica a funcionalidade de busca</doc>
<tag>pesquisar</tag>
<tag>searchbar</tag>
<status status="FAIL" starttime="20230826 17:30:32.899" endtime="20230826 17:30:39.936">Setup failed:
SessionNotCreatedException: Message: session not created: This version of ChromeDriver only supports Chrome version 114
Current browser version is 116.0.5845.111 with binary path C:\Program Files\Google\Chrome\Application\chrome.exe
Stacktrace:
Backtrace:
	GetHandleVerifier [0x0037A813+48355]
	(No symbol) [0x0030C4B1]
	(No symbol) [0x00215358]
	(No symbol) [0x002361AC]
	(No symbol) [0x00231EF3]
	(No symbol) [0x00230579]
	(No symbol) [0x00260C55]
	(No symbol) [0x0026093C]
	(No symbol) [0x0025A536]
	(No symbol) [0x002382DC]
	(No symbol) [0x002393DD]
	GetHandleVerifier [0x005DAABD+2539405]
	GetHandleVerifier [0x0061A78F+2800735]
	GetHandleVerifier [0x0061456C+2775612]
	GetHandleVerifier [0x004051E0+616112]
	(No symbol) [0x00315F8C]
	(No symbol) [0x00312328]
	(No symbol) [0x0031240B]
	(No symbol) [0x00304FF7]
	BaseThreadInitThunk [0x763D00C9+25]
	RtlGetAppContainerNamedObjectPath [0x77A47B1E+286]
	RtlGetAppContainerNamedObjectPath [0x77A47AEE+238]
</status>
</test>
<doc>Essa suite testa o site https://www.magazineluiza.com.br/</doc>
<status status="FAIL" starttime="20230826 17:30:28.988" endtime="20230826 17:30:39.942"/>
</suite>
<statistics>
<total>
<stat pass="0" fail="2" skip="0">All Tests</stat>
</total>
<tag>
<stat pass="0" fail="1" skip="0">menus</stat>
<stat pass="0" fail="1" skip="0">monitor</stat>
<stat pass="0" fail="1" skip="0">pesquisar</stat>
<stat pass="0" fail="1" skip="0">searchbar</stat>
</tag>
<suite>
<stat pass="0" fail="2" skip="0" id="s1" name="Magazine Testes">Magazine Testes</stat>
</suite>
</statistics>
<errors>
</errors>
</robot>
